{
  "/Users/admin/Desktop/react-course/new_react2023/react2023/react-project/src/components/modal-window/ModalWindow.tsx": {
    "path": "/Users/admin/Desktop/react-course/new_react2023/react2023/react-project/src/components/modal-window/ModalWindow.tsx",
    "statementMap": {
      "0": {
        "start": {
          "line": 5,
          "column": 0
        },
        "end": {
          "line": 15,
          "column": 1
        }
      },
      "1": {
        "start": {
          "line": 6,
          "column": 2
        },
        "end": {
          "line": 8,
          "column": 3
        }
      },
      "2": {
        "start": {
          "line": 7,
          "column": 4
        },
        "end": {
          "line": 7,
          "column": 165
        }
      },
      "3": {
        "start": {
          "line": 9,
          "column": 2
        },
        "end": {
          "line": 9,
          "column": 39
        }
      },
      "4": {
        "start": {
          "line": 10,
          "column": 2
        },
        "end": {
          "line": 10,
          "column": 39
        }
      },
      "5": {
        "start": {
          "line": 11,
          "column": 2
        },
        "end": {
          "line": 13,
          "column": 4
        }
      },
      "6": {
        "start": {
          "line": 12,
          "column": 4
        },
        "end": {
          "line": 12,
          "column": 159
        }
      },
      "7": {
        "start": {
          "line": 14,
          "column": 2
        },
        "end": {
          "line": 14,
          "column": 75
        }
      },
      "8": {
        "start": {
          "line": 16,
          "column": 9
        },
        "end": {
          "line": 16,
          "column": 23
        }
      },
      "9": {
        "start": {
          "line": 20,
          "column": 20
        },
        "end": {
          "line": 56,
          "column": 1
        }
      },
      "10": {
        "start": {
          "line": 23,
          "column": 2
        },
        "end": {
          "line": 23,
          "column": 7
        }
      },
      "11": {
        "start": {
          "line": 24,
          "column": 19
        },
        "end": {
          "line": 24,
          "column": 35
        }
      },
      "12": {
        "start": {
          "line": 25,
          "column": 2
        },
        "end": {
          "line": 55,
          "column": 11
        }
      },
      "13": {
        "start": {
          "line": 27,
          "column": 6
        },
        "end": {
          "line": 29,
          "column": 9
        }
      },
      "14": {
        "start": {
          "line": 37,
          "column": 8
        },
        "end": {
          "line": 39,
          "column": 11
        }
      },
      "15": {
        "start": {
          "line": 57,
          "column": 0
        },
        "end": {
          "line": 59,
          "column": 3
        }
      },
      "16": {
        "start": {
          "line": 58,
          "column": 2
        },
        "end": {
          "line": 58,
          "column": 26
        }
      },
      "17": {
        "start": {
          "line": 60,
          "column": 0
        },
        "end": {
          "line": 60,
          "column": 17
        }
      },
      "18": {
        "start": {
          "line": 63,
          "column": 0
        },
        "end": {
          "line": 63,
          "column": 32
        }
      },
      "19": {
        "start": {
          "line": 64,
          "column": 0
        },
        "end": {
          "line": 80,
          "column": 1
        }
      },
      "20": {
        "start": {
          "line": 65,
          "column": 2
        },
        "end": {
          "line": 65,
          "column": 39
        }
      },
      "21": {
        "start": {
          "line": 66,
          "column": 2
        },
        "end": {
          "line": 66,
          "column": 39
        }
      },
      "22": {
        "start": {
          "line": 67,
          "column": 2
        },
        "end": {
          "line": 79,
          "column": 5
        }
      },
      "23": {
        "start": {
          "line": 71,
          "column": 4
        },
        "end": {
          "line": 71,
          "column": 185
        }
      },
      "24": {
        "start": {
          "line": 72,
          "column": 4
        },
        "end": {
          "line": 78,
          "column": 7
        }
      },
      "25": {
        "start": {
          "line": 73,
          "column": 6
        },
        "end": {
          "line": 74,
          "column": 15
        }
      },
      "26": {
        "start": {
          "line": 74,
          "column": 8
        },
        "end": {
          "line": 74,
          "column": 15
        }
      },
      "27": {
        "start": {
          "line": 75,
          "column": 32
        },
        "end": {
          "line": 75,
          "column": 115
        }
      },
      "28": {
        "start": {
          "line": 76,
          "column": 6
        },
        "end": {
          "line": 77,
          "column": 54
        }
      },
      "29": {
        "start": {
          "line": 77,
          "column": 8
        },
        "end": {
          "line": 77,
          "column": 54
        }
      }
    },
    "fnMap": {
      "0": {
        "name": "(anonymous_0)",
        "decl": {
          "start": {
            "line": 11,
            "column": 24
          },
          "end": {
            "line": 11,
            "column": 25
          }
        },
        "loc": {
          "start": {
            "line": 11,
            "column": 38
          },
          "end": {
            "line": 13,
            "column": 3
          }
        },
        "line": 11
      },
      "1": {
        "name": "(anonymous_1)",
        "decl": {
          "start": {
            "line": 20,
            "column": 20
          },
          "end": {
            "line": 20,
            "column": 21
          }
        },
        "loc": {
          "start": {
            "line": 22,
            "column": 6
          },
          "end": {
            "line": 56,
            "column": 1
          }
        },
        "line": 22
      },
      "2": {
        "name": "(anonymous_2)",
        "decl": {
          "start": {
            "line": 26,
            "column": 71
          },
          "end": {
            "line": 26,
            "column": 72
          }
        },
        "loc": {
          "start": {
            "line": 26,
            "column": 77
          },
          "end": {
            "line": 30,
            "column": 5
          }
        },
        "line": 26
      },
      "3": {
        "name": "(anonymous_3)",
        "decl": {
          "start": {
            "line": 36,
            "column": 67
          },
          "end": {
            "line": 36,
            "column": 68
          }
        },
        "loc": {
          "start": {
            "line": 36,
            "column": 73
          },
          "end": {
            "line": 40,
            "column": 7
          }
        },
        "line": 36
      },
      "4": {
        "name": "(anonymous_4)",
        "decl": {
          "start": {
            "line": 57,
            "column": 55
          },
          "end": {
            "line": 57,
            "column": 56
          }
        },
        "loc": {
          "start": {
            "line": 57,
            "column": 66
          },
          "end": {
            "line": 59,
            "column": 1
          }
        },
        "line": 57
      },
      "5": {
        "name": "(anonymous_5)",
        "decl": {
          "start": {
            "line": 70,
            "column": 9
          },
          "end": {
            "line": 70,
            "column": 10
          }
        },
        "loc": {
          "start": {
            "line": 70,
            "column": 29
          },
          "end": {
            "line": 79,
            "column": 3
          }
        },
        "line": 70
      },
      "6": {
        "name": "(anonymous_6)",
        "decl": {
          "start": {
            "line": 72,
            "column": 27
          },
          "end": {
            "line": 72,
            "column": 28
          }
        },
        "loc": {
          "start": {
            "line": 72,
            "column": 44
          },
          "end": {
            "line": 78,
            "column": 5
          }
        },
        "line": 72
      }
    },
    "branchMap": {
      "0": {
        "loc": {
          "start": {
            "line": 5,
            "column": 0
          },
          "end": {
            "line": 15,
            "column": 1
          }
        },
        "type": "if",
        "locations": [
          {
            "start": {
              "line": 5,
              "column": 0
            },
            "end": {
              "line": 15,
              "column": 1
            }
          },
          {
            "start": {},
            "end": {}
          }
        ],
        "line": 5
      },
      "1": {
        "loc": {
          "start": {
            "line": 6,
            "column": 2
          },
          "end": {
            "line": 8,
            "column": 3
          }
        },
        "type": "if",
        "locations": [
          {
            "start": {
              "line": 6,
              "column": 2
            },
            "end": {
              "line": 8,
              "column": 3
            }
          },
          {
            "start": {},
            "end": {}
          }
        ],
        "line": 6
      },
      "2": {
        "loc": {
          "start": {
            "line": 64,
            "column": 0
          },
          "end": {
            "line": 80,
            "column": 1
          }
        },
        "type": "if",
        "locations": [
          {
            "start": {
              "line": 64,
              "column": 0
            },
            "end": {
              "line": 80,
              "column": 1
            }
          },
          {
            "start": {},
            "end": {}
          }
        ],
        "line": 64
      },
      "3": {
        "loc": {
          "start": {
            "line": 73,
            "column": 6
          },
          "end": {
            "line": 74,
            "column": 15
          }
        },
        "type": "if",
        "locations": [
          {
            "start": {
              "line": 73,
              "column": 6
            },
            "end": {
              "line": 74,
              "column": 15
            }
          },
          {
            "start": {},
            "end": {}
          }
        ],
        "line": 73
      },
      "4": {
        "loc": {
          "start": {
            "line": 76,
            "column": 6
          },
          "end": {
            "line": 77,
            "column": 54
          }
        },
        "type": "if",
        "locations": [
          {
            "start": {
              "line": 76,
              "column": 6
            },
            "end": {
              "line": 77,
              "column": 54
            }
          },
          {
            "start": {},
            "end": {}
          }
        ],
        "line": 76
      }
    },
    "s": {
      "0": 43,
      "1": 43,
      "2": 0,
      "3": 43,
      "4": 43,
      "5": 43,
      "6": 43,
      "7": 43,
      "8": 43,
      "9": 43,
      "10": 6,
      "11": 6,
      "12": 6,
      "13": 0,
      "14": 6,
      "15": 43,
      "16": 6,
      "17": 43,
      "18": 43,
      "19": 43,
      "20": 43,
      "21": 43,
      "22": 43,
      "23": 34,
      "24": 34,
      "25": 0,
      "26": 0,
      "27": 0,
      "28": 0,
      "29": 0
    },
    "f": {
      "0": 43,
      "1": 6,
      "2": 0,
      "3": 6,
      "4": 6,
      "5": 34,
      "6": 0
    },
    "b": {
      "0": [
        43,
        0
      ],
      "1": [
        0,
        43
      ],
      "2": [
        43,
        0
      ],
      "3": [
        0,
        0
      ],
      "4": [
        0,
        0
      ]
    },
    "inputSourceMap": {
      "version": 3,
      "mappings": "AAUI,mBACE,cADF;;;;;;;;;;;;;;;;AARJ,OAAO;AACP,SAASA,sBAAsB;AAC/B,SAASC,0BAA0B;AAEnC,MAAMC,cAAcA,CAAC;AAAA,EAAEC;AAA2B,MAAM;AAAAC;AACtD,QAAMC,WAAWL,eAAc;AAE/B,SACE,mCACE;AAAA,2BAAC,SACC,WAAU,eACV,SAAS,MAAM;AACbK,eAAS;AAAA,QAAEC,MAAML;AAAAA,MAAmB,CAAC;AAAA,IACvC,KAJF;AAAA;AAAA;AAAA;AAAA,WAII;AAAA,IAGJ,uBAAC,SAAI,WAAU,gBACb;AAAA,6BAAC,SACC,WAAU,SACV,SAAS,MAAM;AACbI,iBAAS;AAAA,UAAEC,MAAML;AAAAA,QAAmB,CAAC;AAAA,MACvC,GAAE,iBAJJ;AAAA;AAAA;AAAA;AAAA,aAOA;AAAA,MACCE;AAAAA,SATH;AAAA;AAAA;AAAA;AAAA,WAUA;AAAA,OAlBF;AAAA;AAAA;AAAA;AAAA,SAmBA;AAEJ;AAAEC,GAzBIF,aAAW;AAAA,UACEF,cAAc;AAAA;AAAAO,KAD3BL;AA2BN,eAAeA;AAAY;AAAAM",
      "names": [
        "useAppDispatch",
        "CLOSE_MODAL_WINDOW",
        "ModalWindow",
        "children",
        "_s",
        "dispatch",
        "type",
        "_c",
        "$RefreshReg$"
      ],
      "sources": [
        "/Users/admin/Desktop/react-course/new_react2023/react2023/react-project/src/components/modal-window/ModalWindow.tsx"
      ],
      "file": "/Users/admin/Desktop/react-course/new_react2023/react2023/react-project/src/components/modal-window/ModalWindow.tsx"
    },
    "_coverageSchema": "1a1c01bbd47fc00a2c39e90264f33305004495a9",
    "hash": "eaab05abd3c3cd71b034bd197075fe6746806e76"
  },
  "/Users/admin/Desktop/react-course/new_react2023/react2023/react-project/src/components/single-card/SingleCard.tsx": {
    "path": "/Users/admin/Desktop/react-course/new_react2023/react2023/react-project/src/components/single-card/SingleCard.tsx",
    "statementMap": {
      "0": {
        "start": {
          "line": 5,
          "column": 0
        },
        "end": {
          "line": 15,
          "column": 1
        }
      },
      "1": {
        "start": {
          "line": 6,
          "column": 2
        },
        "end": {
          "line": 8,
          "column": 3
        }
      },
      "2": {
        "start": {
          "line": 7,
          "column": 4
        },
        "end": {
          "line": 7,
          "column": 165
        }
      },
      "3": {
        "start": {
          "line": 9,
          "column": 2
        },
        "end": {
          "line": 9,
          "column": 39
        }
      },
      "4": {
        "start": {
          "line": 10,
          "column": 2
        },
        "end": {
          "line": 10,
          "column": 39
        }
      },
      "5": {
        "start": {
          "line": 11,
          "column": 2
        },
        "end": {
          "line": 13,
          "column": 4
        }
      },
      "6": {
        "start": {
          "line": 12,
          "column": 4
        },
        "end": {
          "line": 12,
          "column": 157
        }
      },
      "7": {
        "start": {
          "line": 14,
          "column": 2
        },
        "end": {
          "line": 14,
          "column": 75
        }
      },
      "8": {
        "start": {
          "line": 19,
          "column": 26
        },
        "end": {
          "line": 61,
          "column": 1
        }
      },
      "9": {
        "start": {
          "line": 22,
          "column": 2
        },
        "end": {
          "line": 60,
          "column": 11
        }
      },
      "10": {
        "start": {
          "line": 62,
          "column": 0
        },
        "end": {
          "line": 62,
          "column": 16
        }
      },
      "11": {
        "start": {
          "line": 64,
          "column": 0
        },
        "end": {
          "line": 64,
          "column": 31
        }
      },
      "12": {
        "start": {
          "line": 65,
          "column": 0
        },
        "end": {
          "line": 81,
          "column": 1
        }
      },
      "13": {
        "start": {
          "line": 66,
          "column": 2
        },
        "end": {
          "line": 66,
          "column": 39
        }
      },
      "14": {
        "start": {
          "line": 67,
          "column": 2
        },
        "end": {
          "line": 67,
          "column": 39
        }
      },
      "15": {
        "start": {
          "line": 68,
          "column": 2
        },
        "end": {
          "line": 80,
          "column": 5
        }
      },
      "16": {
        "start": {
          "line": 72,
          "column": 4
        },
        "end": {
          "line": 72,
          "column": 183
        }
      },
      "17": {
        "start": {
          "line": 73,
          "column": 4
        },
        "end": {
          "line": 79,
          "column": 7
        }
      },
      "18": {
        "start": {
          "line": 74,
          "column": 6
        },
        "end": {
          "line": 75,
          "column": 15
        }
      },
      "19": {
        "start": {
          "line": 75,
          "column": 8
        },
        "end": {
          "line": 75,
          "column": 15
        }
      },
      "20": {
        "start": {
          "line": 76,
          "column": 32
        },
        "end": {
          "line": 76,
          "column": 115
        }
      },
      "21": {
        "start": {
          "line": 77,
          "column": 6
        },
        "end": {
          "line": 78,
          "column": 54
        }
      },
      "22": {
        "start": {
          "line": 78,
          "column": 8
        },
        "end": {
          "line": 78,
          "column": 54
        }
      }
    },
    "fnMap": {
      "0": {
        "name": "(anonymous_0)",
        "decl": {
          "start": {
            "line": 11,
            "column": 24
          },
          "end": {
            "line": 11,
            "column": 25
          }
        },
        "loc": {
          "start": {
            "line": 11,
            "column": 38
          },
          "end": {
            "line": 13,
            "column": 3
          }
        },
        "line": 11
      },
      "1": {
        "name": "(anonymous_1)",
        "decl": {
          "start": {
            "line": 19,
            "column": 26
          },
          "end": {
            "line": 19,
            "column": 27
          }
        },
        "loc": {
          "start": {
            "line": 21,
            "column": 6
          },
          "end": {
            "line": 61,
            "column": 1
          }
        },
        "line": 21
      },
      "2": {
        "name": "(anonymous_2)",
        "decl": {
          "start": {
            "line": 71,
            "column": 9
          },
          "end": {
            "line": 71,
            "column": 10
          }
        },
        "loc": {
          "start": {
            "line": 71,
            "column": 29
          },
          "end": {
            "line": 80,
            "column": 3
          }
        },
        "line": 71
      },
      "3": {
        "name": "(anonymous_3)",
        "decl": {
          "start": {
            "line": 73,
            "column": 27
          },
          "end": {
            "line": 73,
            "column": 28
          }
        },
        "loc": {
          "start": {
            "line": 73,
            "column": 44
          },
          "end": {
            "line": 79,
            "column": 5
          }
        },
        "line": 73
      }
    },
    "branchMap": {
      "0": {
        "loc": {
          "start": {
            "line": 5,
            "column": 0
          },
          "end": {
            "line": 15,
            "column": 1
          }
        },
        "type": "if",
        "locations": [
          {
            "start": {
              "line": 5,
              "column": 0
            },
            "end": {
              "line": 15,
              "column": 1
            }
          },
          {
            "start": {},
            "end": {}
          }
        ],
        "line": 5
      },
      "1": {
        "loc": {
          "start": {
            "line": 6,
            "column": 2
          },
          "end": {
            "line": 8,
            "column": 3
          }
        },
        "type": "if",
        "locations": [
          {
            "start": {
              "line": 6,
              "column": 2
            },
            "end": {
              "line": 8,
              "column": 3
            }
          },
          {
            "start": {},
            "end": {}
          }
        ],
        "line": 6
      },
      "2": {
        "loc": {
          "start": {
            "line": 65,
            "column": 0
          },
          "end": {
            "line": 81,
            "column": 1
          }
        },
        "type": "if",
        "locations": [
          {
            "start": {
              "line": 65,
              "column": 0
            },
            "end": {
              "line": 81,
              "column": 1
            }
          },
          {
            "start": {},
            "end": {}
          }
        ],
        "line": 65
      },
      "3": {
        "loc": {
          "start": {
            "line": 74,
            "column": 6
          },
          "end": {
            "line": 75,
            "column": 15
          }
        },
        "type": "if",
        "locations": [
          {
            "start": {
              "line": 74,
              "column": 6
            },
            "end": {
              "line": 75,
              "column": 15
            }
          },
          {
            "start": {},
            "end": {}
          }
        ],
        "line": 74
      },
      "4": {
        "loc": {
          "start": {
            "line": 77,
            "column": 6
          },
          "end": {
            "line": 78,
            "column": 54
          }
        },
        "type": "if",
        "locations": [
          {
            "start": {
              "line": 77,
              "column": 6
            },
            "end": {
              "line": 78,
              "column": 54
            }
          },
          {
            "start": {},
            "end": {}
          }
        ],
        "line": 77
      }
    },
    "s": {
      "0": 43,
      "1": 43,
      "2": 0,
      "3": 43,
      "4": 43,
      "5": 43,
      "6": 43,
      "7": 43,
      "8": 43,
      "9": 6,
      "10": 43,
      "11": 43,
      "12": 43,
      "13": 43,
      "14": 43,
      "15": 43,
      "16": 34,
      "17": 34,
      "18": 0,
      "19": 0,
      "20": 0,
      "21": 0,
      "22": 0
    },
    "f": {
      "0": 43,
      "1": 6,
      "2": 34,
      "3": 0
    },
    "b": {
      "0": [
        43,
        0
      ],
      "1": [
        0,
        43
      ],
      "2": [
        43,
        0
      ],
      "3": [
        0,
        0
      ],
      "4": [
        0,
        0
      ]
    },
    "inputSourceMap": {
      "version": 3,
      "mappings": "AAYI,mBAGM,cAHN;AAZJ,OAAOA,oBAAkB;AAAA;AAAA;AAAA;AAAA;AAAA;AAAA;AAAA;AAAA;AAAA;AAAA;AAAA;AAAA;AAAA;AAEzB,OAAO;AACP,OAAOC,eAAe;AACtB,SAASC,aAAa;AAMf,aAAMC,aAAaA,CAAC;AAAA,EAAEC;AAAsB,MAAM;AACvD,SACE,mCACE,iCAAC,SAAI,WAAU,oBACb;AAAA,2BAAC,SAAI,WAAU,mBACb,iCAAC,SACC,WAAU,cACV,KAAKH,UAAUG,KAAKC,QAAQD,KAAKE,IAAIF,KAAKG,QAAQL,MAAMM,MAAM,KAFhE;AAAA;AAAA;AAAA;AAAA,WAGC,KAJH;AAAA;AAAA;AAAA;AAAA,WAKA;AAAA,IACA,uBAAC,SAAI,WAAU,wBAAyB,oBAASJ,KAAKK,MAAMC,cAA5D;AAAA;AAAA;AAAA;AAAA,WAAuE;AAAA,IACvE,uBAAC,SAAI,WAAU,mBAAoB,qBAAUN,KAAKO,OAAOC,cAAzD;AAAA;AAAA;AAAA;AAAA,WAAoE;AAAA,IACpE,uBAAC,SAAI,WAAU,aAAc,0BAAeR,KAAKS,YAAYH,cAA7D;AAAA;AAAA;AAAA;AAAA,WAAwE;AAAA,IACxE,uBAAC,SAAI,WAAU,oBAAqB,mBAAQN,KAAKU,MAAMC,WAAvD;AAAA;AAAA;AAAA;AAAA,WAA+D;AAAA,OAVjE;AAAA;AAAA;AAAA;AAAA,SAWA,KAZF;AAAA;AAAA;AAAA;AAAA,SAaA;AAEJ;AAAEC,KAjBWb;AAAU;AAAAc",
      "names": [
        "React",
        "createUrl",
        "Sizes",
        "SingleCard",
        "card",
        "server",
        "id",
        "secret",
        "MEDIUM",
        "title",
        "_content",
        "owner",
        "username",
        "description",
        "dates",
        "taken",
        "_c",
        "$RefreshReg$"
      ],
      "sources": [
        "/Users/admin/Desktop/react-course/new_react2023/react2023/react-project/src/components/single-card/SingleCard.tsx"
      ],
      "file": "/Users/admin/Desktop/react-course/new_react2023/react2023/react-project/src/components/single-card/SingleCard.tsx"
    },
    "_coverageSchema": "1a1c01bbd47fc00a2c39e90264f33305004495a9",
    "hash": "7ba060f9b2d261e400dd92a03085d57917b2bea5"
  },
  "/Users/admin/Desktop/react-course/new_react2023/react2023/react-project/src/components/photo-card/photoCard.tsx": {
    "path": "/Users/admin/Desktop/react-course/new_react2023/react2023/react-project/src/components/photo-card/photoCard.tsx",
    "statementMap": {
      "0": {
        "start": {
          "line": 5,
          "column": 0
        },
        "end": {
          "line": 15,
          "column": 1
        }
      },
      "1": {
        "start": {
          "line": 6,
          "column": 2
        },
        "end": {
          "line": 8,
          "column": 3
        }
      },
      "2": {
        "start": {
          "line": 7,
          "column": 4
        },
        "end": {
          "line": 7,
          "column": 165
        }
      },
      "3": {
        "start": {
          "line": 9,
          "column": 2
        },
        "end": {
          "line": 9,
          "column": 39
        }
      },
      "4": {
        "start": {
          "line": 10,
          "column": 2
        },
        "end": {
          "line": 10,
          "column": 39
        }
      },
      "5": {
        "start": {
          "line": 11,
          "column": 2
        },
        "end": {
          "line": 13,
          "column": 4
        }
      },
      "6": {
        "start": {
          "line": 12,
          "column": 4
        },
        "end": {
          "line": 12,
          "column": 155
        }
      },
      "7": {
        "start": {
          "line": 14,
          "column": 2
        },
        "end": {
          "line": 14,
          "column": 75
        }
      },
      "8": {
        "start": {
          "line": 16,
          "column": 9
        },
        "end": {
          "line": 16,
          "column": 23
        }
      },
      "9": {
        "start": {
          "line": 20,
          "column": 18
        },
        "end": {
          "line": 54,
          "column": 1
        }
      },
      "10": {
        "start": {
          "line": 23,
          "column": 2
        },
        "end": {
          "line": 23,
          "column": 7
        }
      },
      "11": {
        "start": {
          "line": 28,
          "column": 6
        },
        "end": {
          "line": 28,
          "column": 26
        }
      },
      "12": {
        "start": {
          "line": 29,
          "column": 2
        },
        "end": {
          "line": 53,
          "column": 11
        }
      },
      "13": {
        "start": {
          "line": 55,
          "column": 0
        },
        "end": {
          "line": 57,
          "column": 3
        }
      },
      "14": {
        "start": {
          "line": 56,
          "column": 2
        },
        "end": {
          "line": 56,
          "column": 28
        }
      },
      "15": {
        "start": {
          "line": 58,
          "column": 0
        },
        "end": {
          "line": 58,
          "column": 15
        }
      },
      "16": {
        "start": {
          "line": 61,
          "column": 0
        },
        "end": {
          "line": 61,
          "column": 30
        }
      },
      "17": {
        "start": {
          "line": 62,
          "column": 0
        },
        "end": {
          "line": 78,
          "column": 1
        }
      },
      "18": {
        "start": {
          "line": 63,
          "column": 2
        },
        "end": {
          "line": 63,
          "column": 39
        }
      },
      "19": {
        "start": {
          "line": 64,
          "column": 2
        },
        "end": {
          "line": 64,
          "column": 39
        }
      },
      "20": {
        "start": {
          "line": 65,
          "column": 2
        },
        "end": {
          "line": 77,
          "column": 5
        }
      },
      "21": {
        "start": {
          "line": 69,
          "column": 4
        },
        "end": {
          "line": 69,
          "column": 181
        }
      },
      "22": {
        "start": {
          "line": 70,
          "column": 4
        },
        "end": {
          "line": 76,
          "column": 7
        }
      },
      "23": {
        "start": {
          "line": 71,
          "column": 6
        },
        "end": {
          "line": 72,
          "column": 15
        }
      },
      "24": {
        "start": {
          "line": 72,
          "column": 8
        },
        "end": {
          "line": 72,
          "column": 15
        }
      },
      "25": {
        "start": {
          "line": 73,
          "column": 32
        },
        "end": {
          "line": 73,
          "column": 115
        }
      },
      "26": {
        "start": {
          "line": 74,
          "column": 6
        },
        "end": {
          "line": 75,
          "column": 54
        }
      },
      "27": {
        "start": {
          "line": 75,
          "column": 8
        },
        "end": {
          "line": 75,
          "column": 54
        }
      }
    },
    "fnMap": {
      "0": {
        "name": "(anonymous_0)",
        "decl": {
          "start": {
            "line": 11,
            "column": 24
          },
          "end": {
            "line": 11,
            "column": 25
          }
        },
        "loc": {
          "start": {
            "line": 11,
            "column": 38
          },
          "end": {
            "line": 13,
            "column": 3
          }
        },
        "line": 11
      },
      "1": {
        "name": "(anonymous_1)",
        "decl": {
          "start": {
            "line": 20,
            "column": 18
          },
          "end": {
            "line": 20,
            "column": 19
          }
        },
        "loc": {
          "start": {
            "line": 22,
            "column": 6
          },
          "end": {
            "line": 54,
            "column": 1
          }
        },
        "line": 22
      },
      "2": {
        "name": "(anonymous_2)",
        "decl": {
          "start": {
            "line": 55,
            "column": 53
          },
          "end": {
            "line": 55,
            "column": 54
          }
        },
        "loc": {
          "start": {
            "line": 55,
            "column": 64
          },
          "end": {
            "line": 57,
            "column": 1
          }
        },
        "line": 55
      },
      "3": {
        "name": "(anonymous_3)",
        "decl": {
          "start": {
            "line": 68,
            "column": 9
          },
          "end": {
            "line": 68,
            "column": 10
          }
        },
        "loc": {
          "start": {
            "line": 68,
            "column": 29
          },
          "end": {
            "line": 77,
            "column": 3
          }
        },
        "line": 68
      },
      "4": {
        "name": "(anonymous_4)",
        "decl": {
          "start": {
            "line": 70,
            "column": 27
          },
          "end": {
            "line": 70,
            "column": 28
          }
        },
        "loc": {
          "start": {
            "line": 70,
            "column": 44
          },
          "end": {
            "line": 76,
            "column": 5
          }
        },
        "line": 70
      }
    },
    "branchMap": {
      "0": {
        "loc": {
          "start": {
            "line": 5,
            "column": 0
          },
          "end": {
            "line": 15,
            "column": 1
          }
        },
        "type": "if",
        "locations": [
          {
            "start": {
              "line": 5,
              "column": 0
            },
            "end": {
              "line": 15,
              "column": 1
            }
          },
          {
            "start": {},
            "end": {}
          }
        ],
        "line": 5
      },
      "1": {
        "loc": {
          "start": {
            "line": 6,
            "column": 2
          },
          "end": {
            "line": 8,
            "column": 3
          }
        },
        "type": "if",
        "locations": [
          {
            "start": {
              "line": 6,
              "column": 2
            },
            "end": {
              "line": 8,
              "column": 3
            }
          },
          {
            "start": {},
            "end": {}
          }
        ],
        "line": 6
      },
      "2": {
        "loc": {
          "start": {
            "line": 25,
            "column": 4
          },
          "end": {
            "line": 25,
            "column": 13
          }
        },
        "type": "default-arg",
        "locations": [
          {
            "start": {
              "line": 25,
              "column": 11
            },
            "end": {
              "line": 25,
              "column": 13
            }
          }
        ],
        "line": 25
      },
      "3": {
        "loc": {
          "start": {
            "line": 30,
            "column": 4
          },
          "end": {
            "line": 34,
            "column": 12
          }
        },
        "type": "binary-expr",
        "locations": [
          {
            "start": {
              "line": 30,
              "column": 4
            },
            "end": {
              "line": 30,
              "column": 13
            }
          },
          {
            "start": {
              "line": 30,
              "column": 33
            },
            "end": {
              "line": 34,
              "column": 12
            }
          }
        ],
        "line": 30
      },
      "4": {
        "loc": {
          "start": {
            "line": 35,
            "column": 78
          },
          "end": {
            "line": 39,
            "column": 12
          }
        },
        "type": "binary-expr",
        "locations": [
          {
            "start": {
              "line": 35,
              "column": 78
            },
            "end": {
              "line": 35,
              "column": 89
            }
          },
          {
            "start": {
              "line": 35,
              "column": 109
            },
            "end": {
              "line": 39,
              "column": 12
            }
          }
        ],
        "line": 35
      },
      "5": {
        "loc": {
          "start": {
            "line": 44,
            "column": 4
          },
          "end": {
            "line": 48,
            "column": 12
          }
        },
        "type": "binary-expr",
        "locations": [
          {
            "start": {
              "line": 44,
              "column": 4
            },
            "end": {
              "line": 44,
              "column": 11
            }
          },
          {
            "start": {
              "line": 44,
              "column": 31
            },
            "end": {
              "line": 48,
              "column": 12
            }
          }
        ],
        "line": 44
      },
      "6": {
        "loc": {
          "start": {
            "line": 62,
            "column": 0
          },
          "end": {
            "line": 78,
            "column": 1
          }
        },
        "type": "if",
        "locations": [
          {
            "start": {
              "line": 62,
              "column": 0
            },
            "end": {
              "line": 78,
              "column": 1
            }
          },
          {
            "start": {},
            "end": {}
          }
        ],
        "line": 62
      },
      "7": {
        "loc": {
          "start": {
            "line": 71,
            "column": 6
          },
          "end": {
            "line": 72,
            "column": 15
          }
        },
        "type": "if",
        "locations": [
          {
            "start": {
              "line": 71,
              "column": 6
            },
            "end": {
              "line": 72,
              "column": 15
            }
          },
          {
            "start": {},
            "end": {}
          }
        ],
        "line": 71
      },
      "8": {
        "loc": {
          "start": {
            "line": 74,
            "column": 6
          },
          "end": {
            "line": 75,
            "column": 54
          }
        },
        "type": "if",
        "locations": [
          {
            "start": {
              "line": 74,
              "column": 6
            },
            "end": {
              "line": 75,
              "column": 54
            }
          },
          {
            "start": {},
            "end": {}
          }
        ],
        "line": 74
      }
    },
    "s": {
      "0": 43,
      "1": 43,
      "2": 0,
      "3": 43,
      "4": 43,
      "5": 43,
      "6": 43,
      "7": 43,
      "8": 43,
      "9": 43,
      "10": 18,
      "11": 18,
      "12": 18,
      "13": 43,
      "14": 6,
      "15": 43,
      "16": 43,
      "17": 43,
      "18": 43,
      "19": 43,
      "20": 43,
      "21": 34,
      "22": 34,
      "23": 0,
      "24": 0,
      "25": 0,
      "26": 0,
      "27": 0
    },
    "f": {
      "0": 43,
      "1": 18,
      "2": 6,
      "3": 34,
      "4": 0
    },
    "b": {
      "0": [
        43,
        0
      ],
      "1": [
        0,
        43
      ],
      "2": [
        12
      ],
      "3": [
        18,
        12
      ],
      "4": [
        18,
        6
      ],
      "5": [
        18,
        0
      ],
      "6": [
        43,
        0
      ],
      "7": [
        0,
        0
      ],
      "8": [
        0,
        0
      ]
    },
    "inputSourceMap": {
      "version": 3,
      "mappings": "AAUI,mBACgB,cADhB;;;;;;;;;;;;;;;;AARJ,SAASA,kBAAkB;AAC3B,OAAO;AACP,SAASC,wBAAwB;AAEjC,MAAMC,YAAYA,CAAC;AAAA,EAAEC;AAAmB,MAAM;AAAAC;AAC5C,QAAM;AAAA,IAAEC,OAAO,CAAC;AAAA,IAAGC;AAAAA,IAAWC;AAAAA,EAAQ,IAAIN,iBAAiBE,EAAE;AAE7D,SACE,mCACGG;AAAAA,iBAAa,uBAAC,OAAE,0BAAH;AAAA;AAAA;AAAA;AAAA,WAAa;AAAA,IAC3B,uBAAC,SAAI,WAAU,qBAAqBD,gBAAMG,SAAS,uBAAC,cAAW,MAAMH,MAAMG,SAAxB;AAAA;AAAA;AAAA;AAAA,WAA8B,KAAjF;AAAA;AAAA;AAAA;AAAA,WAAqF;AAAA,IACpFD,WAAW,uBAAC,OAAE,uCAAH;AAAA;AAAA;AAAA;AAAA,WAA0B;AAAA,OAHxC;AAAA;AAAA;AAAA;AAAA,SAIA;AAEJ;AAAEH,GAVIF,WAAS;AAAA,UAC6BD,gBAAgB;AAAA;AAAAQ,KADtDP;AAYN,eAAeA;AAAU;AAAAQ",
      "names": [
        "SingleCard",
        "useGetPhotoQuery",
        "PhotoCard",
        "id",
        "_s",
        "data",
        "isLoading",
        "isError",
        "photo",
        "_c",
        "$RefreshReg$"
      ],
      "sources": [
        "/Users/admin/Desktop/react-course/new_react2023/react2023/react-project/src/components/photo-card/photoCard.tsx"
      ],
      "file": "/Users/admin/Desktop/react-course/new_react2023/react2023/react-project/src/components/photo-card/photoCard.tsx"
    },
    "_coverageSchema": "1a1c01bbd47fc00a2c39e90264f33305004495a9",
    "hash": "571d3e4f1fe353ab25b0b6f7378591698c7b59dc"
  },
  "/Users/admin/Desktop/react-course/new_react2023/react2023/react-project/src/components/small-card/SmallCard.tsx": {
    "path": "/Users/admin/Desktop/react-course/new_react2023/react2023/react-project/src/components/small-card/SmallCard.tsx",
    "statementMap": {
      "0": {
        "start": {
          "line": 5,
          "column": 0
        },
        "end": {
          "line": 15,
          "column": 1
        }
      },
      "1": {
        "start": {
          "line": 6,
          "column": 2
        },
        "end": {
          "line": 8,
          "column": 3
        }
      },
      "2": {
        "start": {
          "line": 7,
          "column": 4
        },
        "end": {
          "line": 7,
          "column": 165
        }
      },
      "3": {
        "start": {
          "line": 9,
          "column": 2
        },
        "end": {
          "line": 9,
          "column": 39
        }
      },
      "4": {
        "start": {
          "line": 10,
          "column": 2
        },
        "end": {
          "line": 10,
          "column": 39
        }
      },
      "5": {
        "start": {
          "line": 11,
          "column": 2
        },
        "end": {
          "line": 13,
          "column": 4
        }
      },
      "6": {
        "start": {
          "line": 12,
          "column": 4
        },
        "end": {
          "line": 12,
          "column": 155
        }
      },
      "7": {
        "start": {
          "line": 14,
          "column": 2
        },
        "end": {
          "line": 14,
          "column": 75
        }
      },
      "8": {
        "start": {
          "line": 16,
          "column": 18
        },
        "end": {
          "line": 42,
          "column": 1
        }
      },
      "9": {
        "start": {
          "line": 20,
          "column": 2
        },
        "end": {
          "line": 41,
          "column": 11
        }
      },
      "10": {
        "start": {
          "line": 21,
          "column": 4
        },
        "end": {
          "line": 21,
          "column": 27
        }
      },
      "11": {
        "start": {
          "line": 43,
          "column": 0
        },
        "end": {
          "line": 43,
          "column": 15
        }
      },
      "12": {
        "start": {
          "line": 46,
          "column": 0
        },
        "end": {
          "line": 46,
          "column": 30
        }
      },
      "13": {
        "start": {
          "line": 47,
          "column": 0
        },
        "end": {
          "line": 63,
          "column": 1
        }
      },
      "14": {
        "start": {
          "line": 48,
          "column": 2
        },
        "end": {
          "line": 48,
          "column": 39
        }
      },
      "15": {
        "start": {
          "line": 49,
          "column": 2
        },
        "end": {
          "line": 49,
          "column": 39
        }
      },
      "16": {
        "start": {
          "line": 50,
          "column": 2
        },
        "end": {
          "line": 62,
          "column": 5
        }
      },
      "17": {
        "start": {
          "line": 54,
          "column": 4
        },
        "end": {
          "line": 54,
          "column": 181
        }
      },
      "18": {
        "start": {
          "line": 55,
          "column": 4
        },
        "end": {
          "line": 61,
          "column": 7
        }
      },
      "19": {
        "start": {
          "line": 56,
          "column": 6
        },
        "end": {
          "line": 57,
          "column": 15
        }
      },
      "20": {
        "start": {
          "line": 57,
          "column": 8
        },
        "end": {
          "line": 57,
          "column": 15
        }
      },
      "21": {
        "start": {
          "line": 58,
          "column": 32
        },
        "end": {
          "line": 58,
          "column": 115
        }
      },
      "22": {
        "start": {
          "line": 59,
          "column": 6
        },
        "end": {
          "line": 60,
          "column": 54
        }
      },
      "23": {
        "start": {
          "line": 60,
          "column": 8
        },
        "end": {
          "line": 60,
          "column": 54
        }
      }
    },
    "fnMap": {
      "0": {
        "name": "(anonymous_0)",
        "decl": {
          "start": {
            "line": 11,
            "column": 24
          },
          "end": {
            "line": 11,
            "column": 25
          }
        },
        "loc": {
          "start": {
            "line": 11,
            "column": 38
          },
          "end": {
            "line": 13,
            "column": 3
          }
        },
        "line": 11
      },
      "1": {
        "name": "(anonymous_1)",
        "decl": {
          "start": {
            "line": 16,
            "column": 18
          },
          "end": {
            "line": 16,
            "column": 19
          }
        },
        "loc": {
          "start": {
            "line": 19,
            "column": 6
          },
          "end": {
            "line": 42,
            "column": 1
          }
        },
        "line": 19
      },
      "2": {
        "name": "(anonymous_2)",
        "decl": {
          "start": {
            "line": 20,
            "column": 131
          },
          "end": {
            "line": 20,
            "column": 132
          }
        },
        "loc": {
          "start": {
            "line": 20,
            "column": 137
          },
          "end": {
            "line": 22,
            "column": 3
          }
        },
        "line": 20
      },
      "3": {
        "name": "(anonymous_3)",
        "decl": {
          "start": {
            "line": 53,
            "column": 9
          },
          "end": {
            "line": 53,
            "column": 10
          }
        },
        "loc": {
          "start": {
            "line": 53,
            "column": 29
          },
          "end": {
            "line": 62,
            "column": 3
          }
        },
        "line": 53
      },
      "4": {
        "name": "(anonymous_4)",
        "decl": {
          "start": {
            "line": 55,
            "column": 27
          },
          "end": {
            "line": 55,
            "column": 28
          }
        },
        "loc": {
          "start": {
            "line": 55,
            "column": 44
          },
          "end": {
            "line": 61,
            "column": 5
          }
        },
        "line": 55
      }
    },
    "branchMap": {
      "0": {
        "loc": {
          "start": {
            "line": 5,
            "column": 0
          },
          "end": {
            "line": 15,
            "column": 1
          }
        },
        "type": "if",
        "locations": [
          {
            "start": {
              "line": 5,
              "column": 0
            },
            "end": {
              "line": 15,
              "column": 1
            }
          },
          {
            "start": {},
            "end": {}
          }
        ],
        "line": 5
      },
      "1": {
        "loc": {
          "start": {
            "line": 6,
            "column": 2
          },
          "end": {
            "line": 8,
            "column": 3
          }
        },
        "type": "if",
        "locations": [
          {
            "start": {
              "line": 6,
              "column": 2
            },
            "end": {
              "line": 8,
              "column": 3
            }
          },
          {
            "start": {},
            "end": {}
          }
        ],
        "line": 6
      },
      "2": {
        "loc": {
          "start": {
            "line": 47,
            "column": 0
          },
          "end": {
            "line": 63,
            "column": 1
          }
        },
        "type": "if",
        "locations": [
          {
            "start": {
              "line": 47,
              "column": 0
            },
            "end": {
              "line": 63,
              "column": 1
            }
          },
          {
            "start": {},
            "end": {}
          }
        ],
        "line": 47
      },
      "3": {
        "loc": {
          "start": {
            "line": 56,
            "column": 6
          },
          "end": {
            "line": 57,
            "column": 15
          }
        },
        "type": "if",
        "locations": [
          {
            "start": {
              "line": 56,
              "column": 6
            },
            "end": {
              "line": 57,
              "column": 15
            }
          },
          {
            "start": {},
            "end": {}
          }
        ],
        "line": 56
      },
      "4": {
        "loc": {
          "start": {
            "line": 59,
            "column": 6
          },
          "end": {
            "line": 60,
            "column": 54
          }
        },
        "type": "if",
        "locations": [
          {
            "start": {
              "line": 59,
              "column": 6
            },
            "end": {
              "line": 60,
              "column": 54
            }
          },
          {
            "start": {},
            "end": {}
          }
        ],
        "line": 59
      }
    },
    "s": {
      "0": 43,
      "1": 43,
      "2": 0,
      "3": 43,
      "4": 43,
      "5": 43,
      "6": 43,
      "7": 43,
      "8": 43,
      "9": 660,
      "10": 6,
      "11": 43,
      "12": 43,
      "13": 43,
      "14": 43,
      "15": 43,
      "16": 43,
      "17": 34,
      "18": 34,
      "19": 0,
      "20": 0,
      "21": 0,
      "22": 0,
      "23": 0
    },
    "f": {
      "0": 43,
      "1": 660,
      "2": 6,
      "3": 34,
      "4": 0
    },
    "b": {
      "0": [
        43,
        0
      ],
      "1": [
        0,
        43
      ],
      "2": [
        43,
        0
      ],
      "3": [
        0,
        0
      ],
      "4": [
        0,
        0
      ]
    },
    "inputSourceMap": {
      "version": 3,
      "mappings": "AAUI,mBAOI,cAPJ;AAVJ,OAAOA,oBAAkB;AAAA;AAAA;AAAA;AAAA;AAAA;AAAA;AAAA;AAAA;AAAA;AAAA;AAAA;AAAA;AAAA;AAQzB,MAAMC,YAAYA,CAAC;AAAA,EAAEC;AAAAA,EAAQC;AAA4B,MAAM;AAC7D,SACE,mCACE,iCAAC,SACC,WAAU,yBACV,SAAS,MAAM;AACbA,gBAAYD,OAAOE,EAAE;AAAA,EACvB,GAEA;AAAA,2BAAC,OAAGF,iBAAOG,SAAX;AAAA;AAAA;AAAA;AAAA,WAAiB;AAAA,IACjB,uBAAC,SAAI,WAAU,YAAW,KAAKH,OAAOI,OAAtC;AAAA;AAAA;AAAA;AAAA,WAA2C;AAAA,OAP7C;AAAA;AAAA;AAAA;AAAA,SAQA,KATF;AAAA;AAAA;AAAA;AAAA,SAUA;AAEJ;AAAEC,KAdIN;AAgBN,eAAeA;AAAU;AAAAO",
      "names": [
        "React",
        "SmallCard",
        "oneUrl",
        "photoHandle",
        "id",
        "title",
        "img",
        "_c",
        "$RefreshReg$"
      ],
      "sources": [
        "/Users/admin/Desktop/react-course/new_react2023/react2023/react-project/src/components/small-card/SmallCard.tsx"
      ],
      "file": "/Users/admin/Desktop/react-course/new_react2023/react2023/react-project/src/components/small-card/SmallCard.tsx"
    },
    "_coverageSchema": "1a1c01bbd47fc00a2c39e90264f33305004495a9",
    "hash": "1a555710e8020157d344cd2d249d00ffdb156911"
  },
  "/Users/admin/Desktop/react-course/new_react2023/react2023/react-project/src/pages/main-page/components/SearchField.tsx": {
    "path": "/Users/admin/Desktop/react-course/new_react2023/react2023/react-project/src/pages/main-page/components/SearchField.tsx",
    "statementMap": {
      "0": {
        "start": {
          "line": 5,
          "column": 0
        },
        "end": {
          "line": 15,
          "column": 1
        }
      },
      "1": {
        "start": {
          "line": 6,
          "column": 2
        },
        "end": {
          "line": 8,
          "column": 3
        }
      },
      "2": {
        "start": {
          "line": 7,
          "column": 4
        },
        "end": {
          "line": 7,
          "column": 165
        }
      },
      "3": {
        "start": {
          "line": 9,
          "column": 2
        },
        "end": {
          "line": 9,
          "column": 39
        }
      },
      "4": {
        "start": {
          "line": 10,
          "column": 2
        },
        "end": {
          "line": 10,
          "column": 39
        }
      },
      "5": {
        "start": {
          "line": 11,
          "column": 2
        },
        "end": {
          "line": 13,
          "column": 4
        }
      },
      "6": {
        "start": {
          "line": 12,
          "column": 4
        },
        "end": {
          "line": 12,
          "column": 162
        }
      },
      "7": {
        "start": {
          "line": 14,
          "column": 2
        },
        "end": {
          "line": 14,
          "column": 75
        }
      },
      "8": {
        "start": {
          "line": 16,
          "column": 20
        },
        "end": {
          "line": 33,
          "column": 1
        }
      },
      "9": {
        "start": {
          "line": 20,
          "column": 2
        },
        "end": {
          "line": 32,
          "column": 11
        }
      },
      "10": {
        "start": {
          "line": 34,
          "column": 0
        },
        "end": {
          "line": 34,
          "column": 17
        }
      },
      "11": {
        "start": {
          "line": 37,
          "column": 0
        },
        "end": {
          "line": 37,
          "column": 32
        }
      },
      "12": {
        "start": {
          "line": 38,
          "column": 0
        },
        "end": {
          "line": 54,
          "column": 1
        }
      },
      "13": {
        "start": {
          "line": 39,
          "column": 2
        },
        "end": {
          "line": 39,
          "column": 39
        }
      },
      "14": {
        "start": {
          "line": 40,
          "column": 2
        },
        "end": {
          "line": 40,
          "column": 39
        }
      },
      "15": {
        "start": {
          "line": 41,
          "column": 2
        },
        "end": {
          "line": 53,
          "column": 5
        }
      },
      "16": {
        "start": {
          "line": 45,
          "column": 4
        },
        "end": {
          "line": 45,
          "column": 188
        }
      },
      "17": {
        "start": {
          "line": 46,
          "column": 4
        },
        "end": {
          "line": 52,
          "column": 7
        }
      },
      "18": {
        "start": {
          "line": 47,
          "column": 6
        },
        "end": {
          "line": 48,
          "column": 15
        }
      },
      "19": {
        "start": {
          "line": 48,
          "column": 8
        },
        "end": {
          "line": 48,
          "column": 15
        }
      },
      "20": {
        "start": {
          "line": 49,
          "column": 32
        },
        "end": {
          "line": 49,
          "column": 115
        }
      },
      "21": {
        "start": {
          "line": 50,
          "column": 6
        },
        "end": {
          "line": 51,
          "column": 54
        }
      },
      "22": {
        "start": {
          "line": 51,
          "column": 8
        },
        "end": {
          "line": 51,
          "column": 54
        }
      }
    },
    "fnMap": {
      "0": {
        "name": "(anonymous_0)",
        "decl": {
          "start": {
            "line": 11,
            "column": 24
          },
          "end": {
            "line": 11,
            "column": 25
          }
        },
        "loc": {
          "start": {
            "line": 11,
            "column": 38
          },
          "end": {
            "line": 13,
            "column": 3
          }
        },
        "line": 11
      },
      "1": {
        "name": "(anonymous_1)",
        "decl": {
          "start": {
            "line": 16,
            "column": 20
          },
          "end": {
            "line": 16,
            "column": 21
          }
        },
        "loc": {
          "start": {
            "line": 19,
            "column": 6
          },
          "end": {
            "line": 33,
            "column": 1
          }
        },
        "line": 19
      },
      "2": {
        "name": "(anonymous_2)",
        "decl": {
          "start": {
            "line": 44,
            "column": 9
          },
          "end": {
            "line": 44,
            "column": 10
          }
        },
        "loc": {
          "start": {
            "line": 44,
            "column": 29
          },
          "end": {
            "line": 53,
            "column": 3
          }
        },
        "line": 44
      },
      "3": {
        "name": "(anonymous_3)",
        "decl": {
          "start": {
            "line": 46,
            "column": 27
          },
          "end": {
            "line": 46,
            "column": 28
          }
        },
        "loc": {
          "start": {
            "line": 46,
            "column": 44
          },
          "end": {
            "line": 52,
            "column": 5
          }
        },
        "line": 46
      }
    },
    "branchMap": {
      "0": {
        "loc": {
          "start": {
            "line": 5,
            "column": 0
          },
          "end": {
            "line": 15,
            "column": 1
          }
        },
        "type": "if",
        "locations": [
          {
            "start": {
              "line": 5,
              "column": 0
            },
            "end": {
              "line": 15,
              "column": 1
            }
          },
          {
            "start": {},
            "end": {}
          }
        ],
        "line": 5
      },
      "1": {
        "loc": {
          "start": {
            "line": 6,
            "column": 2
          },
          "end": {
            "line": 8,
            "column": 3
          }
        },
        "type": "if",
        "locations": [
          {
            "start": {
              "line": 6,
              "column": 2
            },
            "end": {
              "line": 8,
              "column": 3
            }
          },
          {
            "start": {},
            "end": {}
          }
        ],
        "line": 6
      },
      "2": {
        "loc": {
          "start": {
            "line": 38,
            "column": 0
          },
          "end": {
            "line": 54,
            "column": 1
          }
        },
        "type": "if",
        "locations": [
          {
            "start": {
              "line": 38,
              "column": 0
            },
            "end": {
              "line": 54,
              "column": 1
            }
          },
          {
            "start": {},
            "end": {}
          }
        ],
        "line": 38
      },
      "3": {
        "loc": {
          "start": {
            "line": 47,
            "column": 6
          },
          "end": {
            "line": 48,
            "column": 15
          }
        },
        "type": "if",
        "locations": [
          {
            "start": {
              "line": 47,
              "column": 6
            },
            "end": {
              "line": 48,
              "column": 15
            }
          },
          {
            "start": {},
            "end": {}
          }
        ],
        "line": 47
      },
      "4": {
        "loc": {
          "start": {
            "line": 50,
            "column": 6
          },
          "end": {
            "line": 51,
            "column": 54
          }
        },
        "type": "if",
        "locations": [
          {
            "start": {
              "line": 50,
              "column": 6
            },
            "end": {
              "line": 51,
              "column": 54
            }
          },
          {
            "start": {},
            "end": {}
          }
        ],
        "line": 50
      }
    },
    "s": {
      "0": 43,
      "1": 43,
      "2": 0,
      "3": 43,
      "4": 43,
      "5": 43,
      "6": 43,
      "7": 43,
      "8": 43,
      "9": 118,
      "10": 43,
      "11": 43,
      "12": 43,
      "13": 43,
      "14": 43,
      "15": 43,
      "16": 34,
      "17": 34,
      "18": 0,
      "19": 0,
      "20": 0,
      "21": 0,
      "22": 0
    },
    "f": {
      "0": 43,
      "1": 118,
      "2": 34,
      "3": 0
    },
    "b": {
      "0": [
        43,
        0
      ],
      "1": [
        0,
        43
      ],
      "2": [
        43,
        0
      ],
      "3": [
        0,
        0
      ],
      "4": [
        0,
        0
      ]
    },
    "inputSourceMap": {
      "version": 3,
      "mappings": "AAWI,mBAEI,cAFJ;AAXJ,OAAOA,oBAAkB;AAAA;AAAA;AAAA;AAAA;AAAA;AAAA;AAAA;AAAA;AAAA;AAAA;AAAA;AAAA;AAAA;AASzB,MAAMC,cAAcA,CAAC;AAAA,EAAEC;AAAAA,EAAUC;AAA0B,MAAM;AAC/D,SACE,mCACE,iCAAC,WAAM,WAAU,cACf,iCAAC,WACC,WAAU,cACV,MAAK,QACL,cACA,GAAID,SAAS,QAAQ,KAJvB;AAAA;AAAA;AAAA;AAAA,SAKC,KANH;AAAA;AAAA;AAAA;AAAA,SAOA,KARF;AAAA;AAAA;AAAA;AAAA,SASA;AAEJ;AAAEE,KAbIH;AAeN,eAAeA;AAAY;AAAAI",
      "names": [
        "React",
        "SearchField",
        "register",
        "defaultValue",
        "_c",
        "$RefreshReg$"
      ],
      "sources": [
        "/Users/admin/Desktop/react-course/new_react2023/react2023/react-project/src/pages/main-page/components/SearchField.tsx"
      ],
      "file": "/Users/admin/Desktop/react-course/new_react2023/react2023/react-project/src/pages/main-page/components/SearchField.tsx"
    },
    "_coverageSchema": "1a1c01bbd47fc00a2c39e90264f33305004495a9",
    "hash": "f63dd32157541a2c9d8cb8f33c965f7ac0f4e4d8"
  },
  "/Users/admin/Desktop/react-course/new_react2023/react2023/react-project/src/pages/main-page/components/searchLogo.tsx": {
    "path": "/Users/admin/Desktop/react-course/new_react2023/react2023/react-project/src/pages/main-page/components/searchLogo.tsx",
    "statementMap": {
      "0": {
        "start": {
          "line": 5,
          "column": 0
        },
        "end": {
          "line": 15,
          "column": 1
        }
      },
      "1": {
        "start": {
          "line": 6,
          "column": 2
        },
        "end": {
          "line": 8,
          "column": 3
        }
      },
      "2": {
        "start": {
          "line": 7,
          "column": 4
        },
        "end": {
          "line": 7,
          "column": 165
        }
      },
      "3": {
        "start": {
          "line": 9,
          "column": 2
        },
        "end": {
          "line": 9,
          "column": 39
        }
      },
      "4": {
        "start": {
          "line": 10,
          "column": 2
        },
        "end": {
          "line": 10,
          "column": 39
        }
      },
      "5": {
        "start": {
          "line": 11,
          "column": 2
        },
        "end": {
          "line": 13,
          "column": 4
        }
      },
      "6": {
        "start": {
          "line": 12,
          "column": 4
        },
        "end": {
          "line": 12,
          "column": 161
        }
      },
      "7": {
        "start": {
          "line": 14,
          "column": 2
        },
        "end": {
          "line": 14,
          "column": 75
        }
      },
      "8": {
        "start": {
          "line": 16,
          "column": 19
        },
        "end": {
          "line": 30,
          "column": 1
        }
      },
      "9": {
        "start": {
          "line": 17,
          "column": 2
        },
        "end": {
          "line": 29,
          "column": 11
        }
      },
      "10": {
        "start": {
          "line": 31,
          "column": 0
        },
        "end": {
          "line": 31,
          "column": 16
        }
      },
      "11": {
        "start": {
          "line": 34,
          "column": 0
        },
        "end": {
          "line": 34,
          "column": 31
        }
      },
      "12": {
        "start": {
          "line": 35,
          "column": 0
        },
        "end": {
          "line": 51,
          "column": 1
        }
      },
      "13": {
        "start": {
          "line": 36,
          "column": 2
        },
        "end": {
          "line": 36,
          "column": 39
        }
      },
      "14": {
        "start": {
          "line": 37,
          "column": 2
        },
        "end": {
          "line": 37,
          "column": 39
        }
      },
      "15": {
        "start": {
          "line": 38,
          "column": 2
        },
        "end": {
          "line": 50,
          "column": 5
        }
      },
      "16": {
        "start": {
          "line": 42,
          "column": 4
        },
        "end": {
          "line": 42,
          "column": 187
        }
      },
      "17": {
        "start": {
          "line": 43,
          "column": 4
        },
        "end": {
          "line": 49,
          "column": 7
        }
      },
      "18": {
        "start": {
          "line": 44,
          "column": 6
        },
        "end": {
          "line": 45,
          "column": 15
        }
      },
      "19": {
        "start": {
          "line": 45,
          "column": 8
        },
        "end": {
          "line": 45,
          "column": 15
        }
      },
      "20": {
        "start": {
          "line": 46,
          "column": 32
        },
        "end": {
          "line": 46,
          "column": 115
        }
      },
      "21": {
        "start": {
          "line": 47,
          "column": 6
        },
        "end": {
          "line": 48,
          "column": 54
        }
      },
      "22": {
        "start": {
          "line": 48,
          "column": 8
        },
        "end": {
          "line": 48,
          "column": 54
        }
      }
    },
    "fnMap": {
      "0": {
        "name": "(anonymous_0)",
        "decl": {
          "start": {
            "line": 11,
            "column": 24
          },
          "end": {
            "line": 11,
            "column": 25
          }
        },
        "loc": {
          "start": {
            "line": 11,
            "column": 38
          },
          "end": {
            "line": 13,
            "column": 3
          }
        },
        "line": 11
      },
      "1": {
        "name": "(anonymous_1)",
        "decl": {
          "start": {
            "line": 16,
            "column": 19
          },
          "end": {
            "line": 16,
            "column": 20
          }
        },
        "loc": {
          "start": {
            "line": 16,
            "column": 25
          },
          "end": {
            "line": 30,
            "column": 1
          }
        },
        "line": 16
      },
      "2": {
        "name": "(anonymous_2)",
        "decl": {
          "start": {
            "line": 41,
            "column": 9
          },
          "end": {
            "line": 41,
            "column": 10
          }
        },
        "loc": {
          "start": {
            "line": 41,
            "column": 29
          },
          "end": {
            "line": 50,
            "column": 3
          }
        },
        "line": 41
      },
      "3": {
        "name": "(anonymous_3)",
        "decl": {
          "start": {
            "line": 43,
            "column": 27
          },
          "end": {
            "line": 43,
            "column": 28
          }
        },
        "loc": {
          "start": {
            "line": 43,
            "column": 44
          },
          "end": {
            "line": 49,
            "column": 5
          }
        },
        "line": 43
      }
    },
    "branchMap": {
      "0": {
        "loc": {
          "start": {
            "line": 5,
            "column": 0
          },
          "end": {
            "line": 15,
            "column": 1
          }
        },
        "type": "if",
        "locations": [
          {
            "start": {
              "line": 5,
              "column": 0
            },
            "end": {
              "line": 15,
              "column": 1
            }
          },
          {
            "start": {},
            "end": {}
          }
        ],
        "line": 5
      },
      "1": {
        "loc": {
          "start": {
            "line": 6,
            "column": 2
          },
          "end": {
            "line": 8,
            "column": 3
          }
        },
        "type": "if",
        "locations": [
          {
            "start": {
              "line": 6,
              "column": 2
            },
            "end": {
              "line": 8,
              "column": 3
            }
          },
          {
            "start": {},
            "end": {}
          }
        ],
        "line": 6
      },
      "2": {
        "loc": {
          "start": {
            "line": 35,
            "column": 0
          },
          "end": {
            "line": 51,
            "column": 1
          }
        },
        "type": "if",
        "locations": [
          {
            "start": {
              "line": 35,
              "column": 0
            },
            "end": {
              "line": 51,
              "column": 1
            }
          },
          {
            "start": {},
            "end": {}
          }
        ],
        "line": 35
      },
      "3": {
        "loc": {
          "start": {
            "line": 44,
            "column": 6
          },
          "end": {
            "line": 45,
            "column": 15
          }
        },
        "type": "if",
        "locations": [
          {
            "start": {
              "line": 44,
              "column": 6
            },
            "end": {
              "line": 45,
              "column": 15
            }
          },
          {
            "start": {},
            "end": {}
          }
        ],
        "line": 44
      },
      "4": {
        "loc": {
          "start": {
            "line": 47,
            "column": 6
          },
          "end": {
            "line": 48,
            "column": 54
          }
        },
        "type": "if",
        "locations": [
          {
            "start": {
              "line": 47,
              "column": 6
            },
            "end": {
              "line": 48,
              "column": 54
            }
          },
          {
            "start": {},
            "end": {}
          }
        ],
        "line": 47
      }
    },
    "s": {
      "0": 43,
      "1": 43,
      "2": 0,
      "3": 43,
      "4": 43,
      "5": 43,
      "6": 43,
      "7": 43,
      "8": 43,
      "9": 118,
      "10": 43,
      "11": 43,
      "12": 43,
      "13": 43,
      "14": 43,
      "15": 43,
      "16": 34,
      "17": 34,
      "18": 0,
      "19": 0,
      "20": 0,
      "21": 0,
      "22": 0
    },
    "f": {
      "0": 43,
      "1": 118,
      "2": 34,
      "3": 0
    },
    "b": {
      "0": [
        43,
        0
      ],
      "1": [
        0,
        43
      ],
      "2": [
        43,
        0
      ],
      "3": [
        0,
        0
      ],
      "4": [
        0,
        0
      ]
    },
    "inputSourceMap": {
      "version": 3,
      "mappings": "AAWQ;AAXR,OAAOA,oBAAkB;AAAA;AAAA;AAAA;AAAA;AAAA;AAAA;AAAA;AAAA;AAAA;AAAA;AAAA;AAAA;AAAA;AAEzB,MAAMC,aAAaA,MAAM;AACvB,SACE,uBAAC,SACC,iCAAC,SACC,OAAM,OACN,QAAO,OACP,SAAQ,aACR,WAAU,gFAEV,iCAAC,UACC,GAAE,wMACF,QAAO,gBACP,MAAK,QACL,aAAY,KACZ,UAAS,WACT,eAAc,SACd,gBAAe,WAPjB;AAAA;AAAA;AAAA;AAAA,SAQC,KAdH;AAAA;AAAA;AAAA;AAAA,SAeA,KAhBF;AAAA;AAAA;AAAA;AAAA,SAiBA;AAEJ;AAAEC,KArBID;AAuBN,eAAeA;AAAW;AAAAE",
      "names": [
        "React",
        "SearchLogo",
        "_c",
        "$RefreshReg$"
      ],
      "sources": [
        "/Users/admin/Desktop/react-course/new_react2023/react2023/react-project/src/pages/main-page/components/searchLogo.tsx"
      ],
      "file": "/Users/admin/Desktop/react-course/new_react2023/react2023/react-project/src/pages/main-page/components/searchLogo.tsx"
    },
    "_coverageSchema": "1a1c01bbd47fc00a2c39e90264f33305004495a9",
    "hash": "a13c2f3d6971bf66eaa57b21a33e36ea4d82994c"
  },
  "/Users/admin/Desktop/react-course/new_react2023/react2023/react-project/src/pages/main-page/MainPage.tsx": {
    "path": "/Users/admin/Desktop/react-course/new_react2023/react2023/react-project/src/pages/main-page/MainPage.tsx",
    "statementMap": {
      "0": {
        "start": {
          "line": 5,
          "column": 0
        },
        "end": {
          "line": 15,
          "column": 1
        }
      },
      "1": {
        "start": {
          "line": 6,
          "column": 2
        },
        "end": {
          "line": 8,
          "column": 3
        }
      },
      "2": {
        "start": {
          "line": 7,
          "column": 4
        },
        "end": {
          "line": 7,
          "column": 165
        }
      },
      "3": {
        "start": {
          "line": 9,
          "column": 2
        },
        "end": {
          "line": 9,
          "column": 39
        }
      },
      "4": {
        "start": {
          "line": 10,
          "column": 2
        },
        "end": {
          "line": 10,
          "column": 39
        }
      },
      "5": {
        "start": {
          "line": 11,
          "column": 2
        },
        "end": {
          "line": 13,
          "column": 4
        }
      },
      "6": {
        "start": {
          "line": 12,
          "column": 4
        },
        "end": {
          "line": 12,
          "column": 148
        }
      },
      "7": {
        "start": {
          "line": 14,
          "column": 2
        },
        "end": {
          "line": 14,
          "column": 75
        }
      },
      "8": {
        "start": {
          "line": 16,
          "column": 9
        },
        "end": {
          "line": 16,
          "column": 23
        }
      },
      "9": {
        "start": {
          "line": 31,
          "column": 13
        },
        "end": {
          "line": 145,
          "column": 1
        }
      },
      "10": {
        "start": {
          "line": 32,
          "column": 2
        },
        "end": {
          "line": 32,
          "column": 7
        }
      },
      "11": {
        "start": {
          "line": 33,
          "column": 22
        },
        "end": {
          "line": 33,
          "column": 67
        }
      },
      "12": {
        "start": {
          "line": 33,
          "column": 49
        },
        "end": {
          "line": 33,
          "column": 66
        }
      },
      "13": {
        "start": {
          "line": 36,
          "column": 6
        },
        "end": {
          "line": 36,
          "column": 51
        }
      },
      "14": {
        "start": {
          "line": 36,
          "column": 33
        },
        "end": {
          "line": 36,
          "column": 50
        }
      },
      "15": {
        "start": {
          "line": 37,
          "column": 40
        },
        "end": {
          "line": 37,
          "column": 61
        }
      },
      "16": {
        "start": {
          "line": 42,
          "column": 6
        },
        "end": {
          "line": 42,
          "column": 36
        }
      },
      "17": {
        "start": {
          "line": 43,
          "column": 19
        },
        "end": {
          "line": 43,
          "column": 35
        }
      },
      "18": {
        "start": {
          "line": 47,
          "column": 6
        },
        "end": {
          "line": 47,
          "column": 15
        }
      },
      "19": {
        "start": {
          "line": 48,
          "column": 36
        },
        "end": {
          "line": 48,
          "column": 48
        }
      },
      "20": {
        "start": {
          "line": 49,
          "column": 22
        },
        "end": {
          "line": 54,
          "column": 3
        }
      },
      "21": {
        "start": {
          "line": 50,
          "column": 4
        },
        "end": {
          "line": 52,
          "column": 7
        }
      },
      "22": {
        "start": {
          "line": 53,
          "column": 4
        },
        "end": {
          "line": 53,
          "column": 21
        }
      },
      "23": {
        "start": {
          "line": 55,
          "column": 2
        },
        "end": {
          "line": 59,
          "column": 20
        }
      },
      "24": {
        "start": {
          "line": 56,
          "column": 4
        },
        "end": {
          "line": 58,
          "column": 5
        }
      },
      "25": {
        "start": {
          "line": 57,
          "column": 6
        },
        "end": {
          "line": 57,
          "column": 34
        }
      },
      "26": {
        "start": {
          "line": 60,
          "column": 19
        },
        "end": {
          "line": 65,
          "column": 3
        }
      },
      "27": {
        "start": {
          "line": 61,
          "column": 4
        },
        "end": {
          "line": 64,
          "column": 7
        }
      },
      "28": {
        "start": {
          "line": 66,
          "column": 2
        },
        "end": {
          "line": 144,
          "column": 11
        }
      },
      "29": {
        "start": {
          "line": 107,
          "column": 166
        },
        "end": {
          "line": 115,
          "column": 16
        }
      },
      "30": {
        "start": {
          "line": 146,
          "column": 0
        },
        "end": {
          "line": 148,
          "column": 3
        }
      },
      "31": {
        "start": {
          "line": 147,
          "column": 2
        },
        "end": {
          "line": 147,
          "column": 88
        }
      },
      "32": {
        "start": {
          "line": 149,
          "column": 0
        },
        "end": {
          "line": 149,
          "column": 10
        }
      },
      "33": {
        "start": {
          "line": 152,
          "column": 0
        },
        "end": {
          "line": 152,
          "column": 25
        }
      },
      "34": {
        "start": {
          "line": 153,
          "column": 0
        },
        "end": {
          "line": 169,
          "column": 1
        }
      },
      "35": {
        "start": {
          "line": 154,
          "column": 2
        },
        "end": {
          "line": 154,
          "column": 39
        }
      },
      "36": {
        "start": {
          "line": 155,
          "column": 2
        },
        "end": {
          "line": 155,
          "column": 39
        }
      },
      "37": {
        "start": {
          "line": 156,
          "column": 2
        },
        "end": {
          "line": 168,
          "column": 5
        }
      },
      "38": {
        "start": {
          "line": 160,
          "column": 4
        },
        "end": {
          "line": 160,
          "column": 174
        }
      },
      "39": {
        "start": {
          "line": 161,
          "column": 4
        },
        "end": {
          "line": 167,
          "column": 7
        }
      },
      "40": {
        "start": {
          "line": 162,
          "column": 6
        },
        "end": {
          "line": 163,
          "column": 15
        }
      },
      "41": {
        "start": {
          "line": 163,
          "column": 8
        },
        "end": {
          "line": 163,
          "column": 15
        }
      },
      "42": {
        "start": {
          "line": 164,
          "column": 32
        },
        "end": {
          "line": 164,
          "column": 115
        }
      },
      "43": {
        "start": {
          "line": 165,
          "column": 6
        },
        "end": {
          "line": 166,
          "column": 54
        }
      },
      "44": {
        "start": {
          "line": 166,
          "column": 8
        },
        "end": {
          "line": 166,
          "column": 54
        }
      }
    },
    "fnMap": {
      "0": {
        "name": "(anonymous_0)",
        "decl": {
          "start": {
            "line": 11,
            "column": 24
          },
          "end": {
            "line": 11,
[...]
            "start": {
              "line": 244,
              "column": 6
            },
            "end": {
              "line": 245,
              "column": 15
            }
          },
          {
            "start": {},
            "end": {}
          }
        ],
        "line": 244
      },
      "17": {
        "loc": {
          "start": {
            "line": 247,
            "column": 6
          },
          "end": {
            "line": 248,
            "column": 54
          }
        },
        "type": "if",
        "locations": [
          {
            "start": {
              "line": 247,
              "column": 6
            },
            "end": {
              "line": 248,
              "column": 54
            }
          },
          {
            "start": {},
            "end": {}
          }
        ],
        "line": 247
      }
    },
    "s": {
      "0": 43,
      "1": 43,
      "2": 0,
      "3": 43,
      "4": 43,
      "5": 43,
      "6": 43,
      "7": 43,
      "8": 43,
      "9": 43,
      "10": 72,
      "11": 72,
      "12": 72,
      "13": 84,
      "14": 72,
      "15": 72,
      "16": 72,
      "17": 6,
      "18": 6,
      "19": 6,
      "20": 72,
      "21": 6,
      "22": 18,
      "23": 43,
      "24": 12,
      "25": 43,
      "26": 43,
      "27": 43,
      "28": 43,
      "29": 43,
      "30": 43,
      "31": 34,
      "32": 34,
      "33": 0,
      "34": 0,
      "35": 0,
      "36": 0,
      "37": 0
    },
    "f": {
      "0": 43,
      "1": 72,
      "2": 84,
      "3": 6,
      "4": 6,
      "5": 18,
      "6": 12,
      "7": 34,
      "8": 0
    },
    "b": {
      "0": [
        43,
        0
      ],
      "1": [
        0,
        43
      ],
      "2": [
        6,
        0
      ],
      "3": [
        72,
        6
      ],
      "4": [
        72,
        42
      ],
      "5": [
        72,
        42
      ],
      "6": [
        72,
        42
      ],
      "7": [
        72,
        42
      ],
      "8": [
        72,
        42
      ],
      "9": [
        72,
        42
      ],
      "10": [
        72,
        42
      ],
      "11": [
        72,
        18
      ],
      "12": [
        18,
        0
      ],
      "13": [
        18,
        0
      ],
      "14": [
        72,
        54
      ],
      "15": [
        43,
        0
      ],
      "16": [
        0,
        0
      ],
      "17": [
        0,
        0
      ]
    },
    "inputSourceMap": {
      "version": 3,
      "mappings": "AA4CI,mBAEkB,cAFlB;;;;;;;;;;;;;;;;AA5CJ,OAAOA,SAASC,gBAAgB;AAChC,SAASC,eAA8B;AACvC,SAASC,gBAAgBC,uBAAuB;AAChD,SAASC,gBAAgB;AACzB,OAAOC,eAAe;AAEtB,OAAOC,iBAAiB;AACxB,OAAOC,eAAe;AACtB,OAAOC,iBAAiB;AACxB,OAAOC,gBAAgB;AACvB,OAAOC,cAAc;AACrB,OAAOC,eAAe;AACtB,OAAOC,eAAe;AACtB,OAAOC,eAAe;AACtB,OAAOC,mBAAmB;AAC1B,SAASC,uBAAuB;AAChC,OAAO;AAEP,MAAMC,WAAWA,MAAM;AAAAC;AACrB,QAAM;AAAA,IACJC;AAAAA,IACAC;AAAAA,IACAC;AAAAA,IACAC,WAAW;AAAA,MAAEC;AAAAA,IAAO;AAAA,EACtB,IAAIrB,QAAiB;AACrB,QAAMsB,aAAapB,gBAA6BqB,WAAUA,MAAMD,UAAU;AAC1E,QAAME,WAAWvB,eAAc;AAC/B,QAAM,CAACwB,WAAWC,YAAY,IAAI3B,SAAS,KAAK;AAEhD,QAAM4B,WAAqCC,UAAS;AAClDJ,aAAS;AAAA,MACPK,SAAS;AAAA,QACP,GAAGD;AAAAA,QACHE,SAASF,KAAKE,UACT,GAAEC,IAAIC,gBAAgBJ,KAAKE,QAAQ,CAAC,CAAuB,MAC5D;AAAA,MACN;AAAA,MACAG,MAAMnB;AAAAA,IACR,CAAC;AACDY,iBAAa,IAAI;AACjBP,UAAK;AAAA,EACP;AAEA,SACE,mCACE,iCAAC,SAAI,WAAU,kBACZM;AAAAA,iBAAa,uBAAC,aAAU,gBAAX;AAAA;AAAA;AAAA;AAAA,WAAsC;AAAA,IACpD,uBAAC,SAAI,WAAU,aACb,iCAAC,UAAK,WAAU,QAAO,UAAUP,aAAaS,QAAQ,GACpD;AAAA,6BAAC,OAAE,WAAU,aAAY,oDAAzB;AAAA;AAAA;AAAA;AAAA,aAA6D;AAAA,MAC7D,uBAAC,aACC,UACA,OAAO,QACP,gBAAgBtB,aAChB,WAAW,GACX,cAAc,+CALhB;AAAA;AAAA;AAAA;AAAA,aAK4D;AAAA,MAE3DgB,OAAOa,QAAQ,uBAAC,SAAI,WAAU,eAAeb,iBAAOa,KAAKC,WAA1C;AAAA;AAAA;AAAA;AAAA,aAAkD;AAAA,MAClE,uBAAC,aACC,UACA,OAAO,QACP,gBAAgBtB,eAChB,cAAc,2BAJhB;AAAA;AAAA;AAAA;AAAA,aAIwC;AAAA,MAEvCQ,OAAOe,QAAQ,uBAAC,SAAI,WAAU,eAAef,iBAAOe,KAAKD,WAA1C;AAAA;AAAA;AAAA;AAAA,aAAkD;AAAA,MAClE,uBAAC,aACC,UACA,OAAO,cACP,gBAAgBtB,eAChB,cAAc,2BAJhB;AAAA;AAAA;AAAA;AAAA,aAIwC;AAAA,MAEvCQ,OAAOgB,cAAc,uBAAC,SAAI,WAAU,eAAehB,iBAAOgB,WAAWF,WAAhD;AAAA;AAAA;AAAA;AAAA,aAAwD;AAAA,MAC9E,uBAAC,aACC,OAAO,eACP,UACA,gBAAgB,MAAM,MACtB,WAAW,KAJb;AAAA;AAAA;AAAA;AAAA,aAIe;AAAA,MAEdd,OAAOiB,eAAe,uBAAC,SAAI,WAAU,eAAejB,iBAAOiB,YAAYH,WAAjD;AAAA;AAAA;AAAA;AAAA,aAAyD;AAAA,MAChF,uBAAC,aAAU,YAAX;AAAA;AAAA;AAAA;AAAA,aAA8B;AAAA,MAC7Bd,OAAOkB,QAAQ,uBAAC,SAAI,WAAU,eAAelB,iBAAOkB,KAAKJ,WAA1C;AAAA;AAAA;AAAA;AAAA,aAAkD;AAAA,MAClE,uBAAC,eAAY,YAAb;AAAA;AAAA;AAAA;AAAA,aAAgC;AAAA,MAChC,uBAAC,cAAW,YAAZ;AAAA;AAAA;AAAA;AAAA,aAA+B;AAAA,MAC9Bd,OAAOmB,aAAa,uBAAC,SAAI,WAAU,eAAenB,iBAAOmB,UAAUL,WAA/C;AAAA;AAAA;AAAA;AAAA,aAAuD;AAAA,MAC5E,uBAAC,aAAU,YAAX;AAAA;AAAA;AAAA;AAAA,aAA8B;AAAA,MAC7Bd,OAAOS,WAAW,uBAAC,SAAI,WAAU,eAAeT,iBAAOS,QAAQK,WAA7C;AAAA;AAAA;AAAA;AAAA,aAAqD;AAAA,MACxE,uBAAC,YAAS,YAAV;AAAA;AAAA;AAAA;AAAA,aAA6B;AAAA,MAC7B,uBAAC,aAAU,YAAX;AAAA;AAAA;AAAA;AAAA,aAA8B;AAAA,MAC9B,uBAAC,WAAM,WAAU,iBAAgB,MAAK,UAAS,OAAM,YAArD;AAAA;AAAA;AAAA;AAAA,aAA8D;AAAA,SAxChE;AAAA;AAAA;AAAA;AAAA,WAyCA,KA1CF;AAAA;AAAA;AAAA;AAAA,WA2CA;AAAA,IACA,uBAAC,SAAI,WAAU,mBACb;AAAA,6BAAC,QAAG,WAAU,IAAG,+BAAjB;AAAA;AAAA;AAAA;AAAA,aAAgC;AAAA,MAC/Bb,WAAWmB,WAAW,KACrB,uBAAC,SAAI,WAAU,iBACZnB,qBAAWoB,IAAI,CAACC,SAASC,UACxB,uBAAC,MAAM,UAAN,EACC,iCAAC,SAAI,WAAU,gBACZD;AAAAA,gBAAQE,aAAa,uBAAC,OAAI,qBAAUF,QAAQG,gBAAvB;AAAA;AAAA;AAAA;AAAA,eAAoC;AAAA,QAC1D,uBAAC,OAAGH,kBAAQH,cAAc,QAAQ,qBAAqB,qBAAvD;AAAA;AAAA;AAAA;AAAA,eAAyE;AAAA,QACzE,uBAAC,YACC,MAAMG,QAAQT,MACd,KAAKS,QAAQb,SACb,UAAUa,QAAQI,UAClB,MAAMJ,QAAQP,MACd,YAAYO,QAAQN,YACpB,aAAaM,QAAQL,aACrB,YAAYK,QAAQG,cAPtB;AAAA;AAAA;AAAA;AAAA,eAOiC;AAAA,QAEjC,uBAAC,OAAI,iCAAsBH,QAAQJ,UAAnC;AAAA;AAAA;AAAA;AAAA,eAA0C;AAAA,WAZ5C;AAAA;AAAA;AAAA;AAAA,aAaA,KAdmBK,OAArB;AAAA;AAAA;AAAA;AAAA,aAeA,CACD,KAlBH;AAAA;AAAA;AAAA;AAAA,aAmBA;AAAA,MAEDtB,WAAWmB,WAAW,KACrB,uBAAC,QAAE,iIAAH;AAAA;AAAA;AAAA;AAAA,aAGA;AAAA,SA5BJ;AAAA;AAAA;AAAA;AAAA,WA8BA;AAAA,OA5EF;AAAA;AAAA;AAAA;AAAA,SA6EA,KA9EF;AAAA;AAAA;AAAA;AAAA,SA+EA;AAEJ;AAAEzB,GA3GID,UAAQ;AAAA,UAMRf,SACeE,iBACFD,cAAc;AAAA;AAAA+C,KAR3BjC;AA6GN,eAAeA;AAAS;AAAAkC",
      "names": [
        "React",
        "useState",
        "useForm",
        "useAppDispatch",
        "useTypeSelector",
        "FormCard",
        "Submitted",
        "isValidCity",
        "InputText",
        "SelectField",
        "RadioInput",
        "Checkbox",
        "InputDate",
        "FileInput",
        "InputName",
        "isValidNumber",
        "ADD_FORM_VALUES",
        "FormPage",
        "_s",
        "register",
        "handleSubmit",
        "reset",
        "formState",
        "errors",
        "formValues",
        "state",
        "dispatch",
        "submitted",
        "setSubmitted",
        "onSubmit",
        "data",
        "payload",
        "fileImg",
        "URL",
        "createObjectURL",
        "type",
        "name",
        "message",
        "area",
        "population",
        "description",
        "date",
        "beenThere",
        "length",
        "map",
        "oneCard",
        "index",
        "wantAName",
        "namePerson",
        "district",
        "_c",
        "$RefreshReg$"
      ],
      "sources": [
        "/Users/admin/Desktop/react-course/new_react2023/react2023/react-project/src/pages/form-page/FormPage.tsx"
      ],
      "file": "/Users/admin/Desktop/react-course/new_react2023/react2023/react-project/src/pages/form-page/FormPage.tsx"
    },
    "_coverageSchema": "1a1c01bbd47fc00a2c39e90264f33305004495a9",
    "hash": "247af48f36525275a235273318b5376905966669"
  },
  "/Users/admin/Desktop/react-course/new_react2023/react2023/react-project/src/App.tsx": {
    "path": "/Users/admin/Desktop/react-course/new_react2023/react2023/react-project/src/App.tsx",
    "statementMap": {
      "0": {
        "start": {
          "line": 5,
          "column": 0
        },
        "end": {
          "line": 15,
          "column": 1
        }
      },
      "1": {
        "start": {
          "line": 6,
          "column": 2
        },
        "end": {
          "line": 8,
          "column": 3
        }
      },
      "2": {
        "start": {
          "line": 7,
          "column": 4
        },
        "end": {
          "line": 7,
          "column": 165
        }
      },
      "3": {
        "start": {
          "line": 9,
          "column": 2
        },
        "end": {
          "line": 9,
          "column": 39
        }
      },
      "4": {
        "start": {
          "line": 10,
          "column": 2
        },
        "end": {
          "line": 10,
          "column": 39
        }
      },
      "5": {
        "start": {
          "line": 11,
          "column": 2
        },
        "end": {
          "line": 13,
          "column": 4
        }
      },
      "6": {
        "start": {
          "line": 12,
          "column": 4
        },
        "end": {
          "line": 12,
          "column": 127
        }
      },
      "7": {
        "start": {
          "line": 14,
          "column": 2
        },
        "end": {
          "line": 14,
          "column": 75
        }
      },
      "8": {
        "start": {
          "line": 24,
          "column": 12
        },
        "end": {
          "line": 88,
          "column": 1
        }
      },
      "9": {
        "start": {
          "line": 25,
          "column": 2
        },
        "end": {
          "line": 87,
          "column": 11
        }
      },
      "10": {
        "start": {
          "line": 89,
          "column": 0
        },
        "end": {
          "line": 89,
          "column": 9
        }
      },
      "11": {
        "start": {
          "line": 92,
          "column": 0
        },
        "end": {
          "line": 92,
          "column": 24
        }
      },
      "12": {
        "start": {
          "line": 93,
          "column": 0
        },
        "end": {
          "line": 109,
          "column": 1
        }
      },
      "13": {
        "start": {
          "line": 94,
          "column": 2
        },
        "end": {
          "line": 94,
          "column": 39
        }
      },
      "14": {
        "start": {
          "line": 95,
          "column": 2
        },
        "end": {
          "line": 95,
          "column": 39
        }
      },
      "15": {
        "start": {
          "line": 96,
          "column": 2
        },
        "end": {
          "line": 108,
          "column": 5
        }
      },
      "16": {
        "start": {
          "line": 100,
          "column": 4
        },
        "end": {
          "line": 100,
          "column": 153
        }
      },
      "17": {
        "start": {
          "line": 101,
          "column": 4
        },
        "end": {
          "line": 107,
          "column": 7
        }
      },
      "18": {
        "start": {
          "line": 102,
          "column": 6
        },
        "end": {
          "line": 103,
          "column": 15
        }
      },
      "19": {
        "start": {
          "line": 103,
          "column": 8
        },
        "end": {
          "line": 103,
          "column": 15
        }
      },
      "20": {
        "start": {
          "line": 104,
          "column": 32
        },
        "end": {
          "line": 104,
          "column": 115
        }
      },
      "21": {
        "start": {
          "line": 105,
          "column": 6
        },
        "end": {
          "line": 106,
          "column": 54
        }
      },
      "22": {
        "start": {
          "line": 106,
          "column": 8
        },
        "end": {
          "line": 106,
          "column": 54
        }
      }
    },
    "fnMap": {
      "0": {
        "name": "(anonymous_0)",
        "decl": {
          "start": {
            "line": 11,
            "column": 24
          },
          "end": {
            "line": 11,
            "column": 25
          }
        },
        "loc": {
          "start": {
            "line": 11,
            "column": 38
          },
          "end": {
            "line": 13,
            "column": 3
          }
        },
        "line": 11
      },
      "1": {
        "name": "(anonymous_1)",
        "decl": {
          "start": {
            "line": 24,
            "column": 12
          },
          "end": {
            "line": 24,
            "column": 13
          }
        },
        "loc": {
          "start": {
            "line": 24,
            "column": 18
          },
          "end": {
            "line": 88,
            "column": 1
          }
        },
        "line": 24
      },
      "2": {
        "name": "(anonymous_2)",
        "decl": {
          "start": {
            "line": 99,
            "column": 9
          },
          "end": {
            "line": 99,
            "column": 10
          }
        },
        "loc": {
          "start": {
            "line": 99,
            "column": 29
          },
          "end": {
            "line": 108,
            "column": 3
          }
        },
        "line": 99
      },
      "3": {
        "name": "(anonymous_3)",
        "decl": {
          "start": {
            "line": 101,
            "column": 27
          },
          "end": {
            "line": 101,
            "column": 28
          }
        },
        "loc": {
          "start": {
            "line": 101,
            "column": 44
          },
          "end": {
            "line": 107,
            "column": 5
          }
        },
        "line": 101
      }
    },
    "branchMap": {
      "0": {
        "loc": {
          "start": {
            "line": 5,
            "column": 0
          },
          "end": {
            "line": 15,
            "column": 1
          }
        },
        "type": "if",
        "locations": [
          {
            "start": {
              "line": 5,
              "column": 0
            },
            "end": {
              "line": 15,
              "column": 1
            }
          },
          {
            "start": {},
            "end": {}
          }
        ],
        "line": 5
      },
      "1": {
        "loc": {
          "start": {
            "line": 6,
            "column": 2
          },
          "end": {
            "line": 8,
            "column": 3
          }
        },
        "type": "if",
        "locations": [
          {
            "start": {
              "line": 6,
              "column": 2
            },
            "end": {
              "line": 8,
              "column": 3
            }
          },
          {
            "start": {},
            "end": {}
          }
        ],
        "line": 6
      },
      "2": {
        "loc": {
          "start": {
            "line": 93,
            "column": 0
          },
          "end": {
            "line": 109,
            "column": 1
          }
        },
        "type": "if",
        "locations": [
          {
            "start": {
              "line": 93,
              "column": 0
            },
            "end": {
              "line": 109,
              "column": 1
            }
          },
          {
            "start": {},
            "end": {}
          }
        ],
        "line": 93
      },
      "3": {
        "loc": {
          "start": {
            "line": 102,
            "column": 6
          },
          "end": {
            "line": 103,
            "column": 15
          }
        },
        "type": "if",
        "locations": [
          {
            "start": {
              "line": 102,
              "column": 6
            },
            "end": {
              "line": 103,
              "column": 15
            }
          },
          {
            "start": {},
            "end": {}
          }
        ],
        "line": 102
      },
      "4": {
        "loc": {
          "start": {
            "line": 105,
            "column": 6
          },
          "end": {
            "line": 106,
            "column": 54
          }
        },
        "type": "if",
        "locations": [
          {
            "start": {
              "line": 105,
              "column": 6
            },
            "end": {
              "line": 106,
              "column": 54
            }
          },
          {
            "start": {},
            "end": {}
          }
        ],
        "line": 105
      }
    },
    "s": {
      "0": 43,
      "1": 43,
      "2": 0,
      "3": 43,
      "4": 43,
      "5": 43,
      "6": 43,
      "7": 43,
      "8": 43,
      "9": 43,
      "10": 43,
      "11": 43,
      "12": 43,
      "13": 43,
      "14": 43,
      "15": 43,
      "16": 33,
      "17": 33,
      "18": 0,
      "19": 0,
      "20": 0,
      "21": 0,
      "22": 0
    },
    "f": {
      "0": 43,
      "1": 43,
      "2": 33,
      "3": 0
    },
    "b": {
      "0": [
        43,
        0
      ],
      "1": [
        0,
        43
      ],
      "2": [
        43,
        0
      ],
      "3": [
        0,
        0
      ],
      "4": [
        0,
        0
      ]
    },
    "inputSourceMap": {
      "version": 3,
      "mappings": "AAYI,mBAE6B,cAF7B;AAZJ,2BAA0BA;AAAc;AAAkB;AAAA;AAAA;AAAA;AAAA;AAAA;AAAA;AAAA;AAAA;AAAA;AAAA;AAAA;AAAA;AAE1D,OAAOC,UAAU;AACjB,OAAOC,YAAY;AACnB,OAAOC,eAAe;AACtB,OAAOC,aAAa;AACpB,OAAOC,cAAc;AACrB,OAAO;AACP,OAAO;AAEP,MAAMC,MAAMA,MAAM;AAChB,SACE,mCACE,iCAAC,UACC,iCAAC,SAAM,MAAK,KAAI,SAAS,uBAAC,YAAD;AAAA;AAAA;AAAA;AAAA,SAAO,GAC9B;AAAA,2BAAC,SAAM,OAAK,MAAC,MAAK,KAAI,SAAS,uBAAC,UAAD;AAAA;AAAA;AAAA;AAAA,WAAK,KAApC;AAAA;AAAA;AAAA;AAAA,WAAwC;AAAA,IACxC,uBAAC,SAAM,MAAK,UAAS,SAAS,uBAAC,eAAD;AAAA;AAAA;AAAA;AAAA,WAAU,KAAxC;AAAA;AAAA;AAAA;AAAA,WAA4C;AAAA,IAC5C,uBAAC,SAAM,MAAK,SAAQ,SAAS,uBAAC,cAAD;AAAA;AAAA;AAAA;AAAA,WAAS,KAAtC;AAAA;AAAA;AAAA;AAAA,WAA0C;AAAA,IAC1C,uBAAC,SAAM,MAAK,QAAO,SAAS,uBAAC,aAAD;AAAA;AAAA;AAAA;AAAA,WAAQ,KAApC;AAAA;AAAA;AAAA;AAAA,WAAwC;AAAA,IACxC,uBAAC,SAAM,MAAK,KAAI,SAAS,uBAAC,YAAS,IAAG,UAAb;AAAA;AAAA;AAAA;AAAA,WAAmB,KAA5C;AAAA;AAAA;AAAA;AAAA,WAAgD;AAAA,OALlD;AAAA;AAAA;AAAA;AAAA,SAMA,KAPF;AAAA;AAAA;AAAA;AAAA,SAQA,KATF;AAAA;AAAA;AAAA;AAAA,SAUA;AAEJ;AAAEC,KAdID;AAgBN,eAAeA;AAAI;AAAAE",
      "names": [
        "Routes",
        "Main",
        "Layout",
        "AboutPage",
        "Page404",
        "FormPage",
        "App",
        "_c",
        "$RefreshReg$"
      ],
      "sources": [
        "/Users/admin/Desktop/react-course/new_react2023/react2023/react-project/src/App.tsx"
      ],
      "file": "/Users/admin/Desktop/react-course/new_react2023/react2023/react-project/src/App.tsx"
    },
    "_coverageSchema": "1a1c01bbd47fc00a2c39e90264f33305004495a9",
    "hash": "5534d5d7899e1b55b888da0310812acc37e47148"
  },
  "/Users/admin/Desktop/react-course/new_react2023/react2023/react-project/src/entry-client.tsx": {
    "path": "/Users/admin/Desktop/react-course/new_react2023/react2023/react-project/src/entry-client.tsx",
    "statementMap": {
      "0": {
        "start": {
          "line": 7,
          "column": 0
        },
        "end": {
          "line": 19,
          "column": 10
        }
      }
    },
    "fnMap": {},
    "branchMap": {},
    "s": {
      "0": 43
    },
    "f": {},
    "b": {},
    "inputSourceMap": {
      "version": 3,
      "mappings": "AAYM;AAZN,OAAOA,cAAc;AACrB,SAASC,qBAAqB;AAC9B,SAASC,gBAAgB;AAGzB,OAAOC,SAAS;AAChB,SAASC,aAAa;AAEtBJ,SAASK,YACPC,SAASC,eAAe,KAAK,GAC7B,uBAAC,YAAS,OACR,iCAAC,iBAAc,UAAS,KACtB,iCAAC,SAAD;AAAA;AAAA;AAAA;AAAA,OAAI,KADN;AAAA;AAAA;AAAA;AAAA,OAEA,KAHF;AAAA;AAAA;AAAA;AAAA,OAIA,CAAW",
      "names": [
        "ReactDOM",
        "BrowserRouter",
        "Provider",
        "App",
        "store",
        "hydrateRoot",
        "document",
        "getElementById"
      ],
      "sources": [
        "/Users/admin/Desktop/react-course/new_react2023/react2023/react-project/src/entry-client.tsx"
      ],
      "file": "/Users/admin/Desktop/react-course/new_react2023/react2023/react-project/src/entry-client.tsx"
    },
    "_coverageSchema": "1a1c01bbd47fc00a2c39e90264f33305004495a9",
    "hash": "6e7903d432ec8cf94ab0e21587c08e4f1fdad463"
  }
}